TrinityCore rev. unknown 1970-01-01 00:00:00 +0000 (Archived branch) (Win64, Release, Static) (worldserver-daemon)
<Ctrl-C> to stop.

 ______                       __
/\__  _\       __          __/\ \__
\/_/\ \/ _ __ /\_\    ___ /\_\ \, _\  __  __
   \ \ \/\`'__\/\ \ /' _ `\/\ \ \ \/ /\ \/\ \
    \ \ \ \ \/ \ \ \/\ \/\ \ \ \ \ \_\ \ \_\ \
     \ \_\ \_\  \ \_\ \_\ \_\ \_\ \__\\/`____ \
      \/_/\/_/   \/_/\/_/\/_/\/_/\/__/ `/___/> \
                                 C O R E  /\___/
http://TrinityCore.org                    \/__/

Using configuration file C:/TrinityCore/emulador/worldserver.conf.
Using SSL version: OpenSSL 1.1.1d  10 Sep 2019 (library: OpenSSL 1.1.1d  10 Sep 2019)
Using Boost version: 1.66.0
Updating Auth database...
>> Auth database is up-to-date! Containing 1 new and 60 archived updates.
Updating Character database...
>> Character database is up-to-date! Containing 1 new and 43 archived updates.
Updating World database...
>> World database is up-to-date! Containing 32 new and 4590 archived updates.
Realm running as realm ID 1
Using World DB: TDB 335.20011
GM.StartLevel (1) must be in range StartPlayerLevel(80)..100. Set to 80.
Will clear `logs` table of entries older than 1209600 seconds every 10 minutes.
Client cache version set to: 20011
Using DataDir ./
WORLD: MMap data directory is: ./mmaps
VMap support included. LineOfSight: 1, getHeight: 1, indoorCheck: 1
VMap data directory is: ./vmaps
Loading Trinity strings...
>> Loaded 967 trinity strings in 43 ms
Initialize data stores...
>> Initialized 113 data stores in 3827 ms
Using esMX DBC Locale as default. All available DBC locales: esMX 
>> Loading Cinematic Camera files
>> Loaded 0 cinematic waypoint sets in 1 ms
Loading IP Location Database...
Initializing PlayerDump tables...
>> Initialized tables for PlayerDump in 854 ms.
Loading SpellInfo store...
>> Loaded SpellInfo store in 49 ms
Loading SpellInfo corrections...
>> Loaded SpellInfo corrections in 9 ms
Loading SkillLineAbilityMultiMap Data...
>> Loaded 10219 SkillLineAbility MultiMap Data in 2 ms
Loading SpellInfo custom attributes...
>> Loaded 256 spell custom attributes from DB in 25 ms
>> Loaded SpellInfo custom attributes in 63 ms
Loading SpellInfo diminishing infos...
>> Loaded SpellInfo diminishing infos in 6 ms
Loading SpellInfo immunity infos...
>> Loaded SpellInfo immunity infos in 9 ms
Loading Player Totem models...
>> Loaded 20 player totem model records in 25 ms
Loading GameObject models...
Loading Script Names...
>> Loaded 3035 ScriptNames in 2346 ms
Loading Instance Template...
>> Loaded 84 instance templates in 1 ms
Loading instances...
>> Loaded instances in 9 ms
Loading character cache store...
Loaded character infos for 1 characters in 0 ms
Loading Broadcast texts...
>> Loaded 73039 broadcast texts in 418 ms
>> Loaded 73039 broadcast text locales in 1450 ms
Loading Localization strings...
>> Loaded 27246 creature locale strings in 383 ms
>> Loaded 19673 gameobject_template_locale strings in 263 ms
>> Loaded 38113 Item locale strings in 609 ms
>> Loaded 2472 Item set name locale strings in 83 ms
>> Loaded 9456 Quest locale strings in 557 ms
>> Loaded 1736 Quest Offer Reward locale strings in 9 ms
>> Loaded 860 Quest Request Items locale strings in 4 ms
>> Loaded 1946 PageText locale strings in 108 ms
>> Loaded 453 points_of_interest locale strings in 39 ms
>> Loaded 14 quest greeting locale strings in 39 ms
>> Localization strings loaded in 2131 ms
Loading Account Roles and Permissions...
>> Loaded 668 permission definitions, 648 linked permissions and 4 default permissions in 8 ms
Loading Page Texts...
>> Loaded 1950 page texts in 49 ms
Loading Game Object Templates...
>> Loaded 21571 game object templates in 156 ms
Loading Game Object template addons...
>> Loaded 21500 game object template addons in 58 ms
Loading Transport templates...
>> Loaded 30 transport templates in 17 ms
Loading Transport animations and rotations...
Loading Spell Rank Data...
>> Loaded 3465 spell rank records in 41 ms
Loading Spell Required Data...
>> Loaded 41 spell required records in 25 ms
Loading Spell Group types...
>> Loaded 549 spell group definitions in 35 ms
Loading Spell Learn Skills...
>> Loaded 103 Spell Learn Skills from DBC in 3 ms
Loading SpellInfo SpellSpecific and AuraState...
>> Loaded SpellInfo SpellSpecific and AuraState in 10 ms
Loading Spell Learn Spells...
>> Loaded 8 spell learn spells + 574 found in DBC in 7 ms
Loading Spell Proc conditions and data...
>> Loaded 844 spell proc conditions and data in 16 ms
Generating spell proc data from SpellMap...
>> Generated spell proc data for 1387 spells in 4 ms
Loading Spell Bonus Data...
>> Loaded 216 extra spell bonus data in 19 ms
Loading Aggro Spells Definitions...
>> Loaded 106 SpellThreatEntries in 24 ms
Loading Spell Group Stack Rules...
>> Loaded 65 spell group stack rules in 11 ms
>> Parsing SPELL_GROUP_STACK_RULE_EXCLUSIVE_SAME_EFFECT stack rules...
>> Parsed 14 SPELL_GROUP_STACK_RULE_EXCLUSIVE_SAME_EFFECT stack rules in 1 ms
Loading NPC Texts...
>> Loaded 8291 npc texts in 217 ms
Loading Enchant Spells Proc datas...
>> Loaded 42 enchant proc data definitions in 9 ms
Loading Item Random Enchantments Table...
>> Loaded 28607 Item Enchantment definitions in 118 ms
Loading Disables
>> Loaded 861 disables in 11 ms
Loading Items...
>> Loaded 38607 item templates in 1051 ms
Loading Item set names...
>> Loaded 2481 item set names in 30 ms
Loading Creature Model Based Info Data...
>> Loaded 24143 creature model based info in 95 ms
Loading Creature templates...
>> Loaded 1735 creature template resistances in 3 ms
>> Loaded 9641 creature template spells in 12 ms
>> Loaded 29923 creature definitions in 811 ms
Loading Equipment templates...
>> Loaded 10841 equipment templates in 48 ms
Loading Creature template addons...
>> Loaded 11647 creature template addons in 61 ms
Loading Reputation Reward Rates...
>> Loaded 16 reputation_reward_rate in 22 ms
Loading Creature Reputation OnKill Data...
>> Loaded 2034 creature award reputation definitions in 57 ms
Loading Reputation Spillover Data...
>> Loaded 26 reputation_spillover_template in 42 ms
Loading Points Of Interest Data...
>> Loaded 453 Points of Interest definitions in 34 ms
Loading Creature Base Stats...
>> Loaded 400 creature base stats in 55 ms
Loading Spawn Group Templates...
>> Loaded 54 spawn group templates in 37 ms
Loading instance spawn groups...
>> Loaded 47 instance spawn groups in 30 ms
Loading Creature Data...
>> Loaded 150290 creatures in 1589 ms
Loading Temporary Summon Data...
>> Loaded 748 temp summons in 33 ms
Loading pet levelup spells...
>> Loaded 993 pet levelup and default spells for 39 families in 16 ms
Loading pet default spells additional to levelup spells...
>> Loaded addition spells for 111 pet spell data entries in 3 ms
Loading summonable creature templates...
>> Loaded 460 summonable creature templates in 4 ms
Loading Creature Addon Data...
>> Loaded 36589 creature addons in 92 ms
Loading Creature Movement Overrides...
>> Loaded 10 movement overrides in 19 ms
Loading Gameobject Data...
>> Loaded 92074 gameobjects in 1440 ms
Loading Spawn Group Data...
>> Loaded 96751 spawn group members in 171 ms
Loading GameObject Addon Data...
>> Loaded 59863 gameobject addons in 154 ms
Loading GameObject faction and flags overrides...
>> Loaded 20 gameobject faction and flags overrides in 25 ms
Loading GameObject Quest Items...
>> Loaded 857 gameobject quest items in 15 ms
Loading Creature Quest Items...
>> Loaded 4391 creature quest items in 34 ms
Loading Creature Linked Respawn...
>> Loaded 4974 linked respawns in 14 ms
Loading Weather Data...
>> Loaded 35 weather definitions in 29 ms
Loading Quests...
>> Loaded 9464 quests definitions in 612 ms
Checking Quest Disables
>> Checked 689 quest disables in 0 ms
Loading Quest POI
>> Loaded 8953 quest POI definitions in 160 ms
Loading Quests Starters and Enders...
Loading GO Start Quest Data...
>> Loaded 446 quest relations from gameobject_queststarter in 26 ms
Loading GO End Quest Data...
>> Loaded 457 quest relations from gameobject_questender in 16 ms
Loading Creature Start Quest Data...
>> Loaded 7425 quest relations from creature_queststarter in 36 ms
Loading Creature End Quest Data...
>> Loaded 7860 quest relations from creature_questender in 23 ms
Loading Quests Greetings...
>> Loaded 166 quest_greeting in 20 ms
Loading Objects Pooling Data...
>> Loaded 3320 objects pools in 61 ms
Loading Creatures Pooling Data...
>> Loaded 1293 creatures in pools in 31 ms
Loading Gameobject Pooling Data...
>> Loaded 25269 gameobject in pools in 213 ms
Loading Mother Pooling Data...
>> Loaded 2568 pools in mother pools in 91 ms
Starting objects pooling system...
Loading Quest Pooling Data...
>> Loaded 35 daily, 7 weekly and 0 monthly quest pools in 55 ms
Loading Game Event Data...
>> Loaded 156 holiday dates in 1 ms
>> Loaded 79 game events in 21 ms.
Loading Game Event Saves Data...
>> Loaded 0 game event saves in game events. DB table `game_event_save` is empty.
Loading Game Event Prerequisite Data...
>> Loaded 0 game event prerequisites in game events. DB table `game_event_prerequisite` is empty.
Loading Game Event Creature Data...
>> Loaded 9738 creatures in game events in 22 ms.
Loading Game Event GO Data...
>> Loaded 31215 gameobjects in game events in 54 ms.
Loading Game Event Model/Equipment Change Data...
>> Loaded 9 model/equipment changes in game events in 19 ms.
Loading Game Event Quest Data...
>> Loaded 224 quests additions in game events in 9 ms.
Loading Game Event GO Quest Data...
>> Loaded 78 quests additions in game events in 14 ms.
Loading Game Event Quest Condition Data...
>> Loaded 0 quest event conditions in game events. DB table `game_event_quest_condition` is empty.
Loading Game Event Condition Data...
>> Loaded 0 conditions in game events. DB table `game_event_condition` is empty.
Loading Game Event Condition Save Data...
>> Loaded 0 condition saves in game events. DB table `game_event_condition_save` is empty.
Loading Game Event NPCflag Data...
>> Loaded 5 npcflags in game events in 12 ms.
Loading Game Event Seasonal Quest Relations...
>> Loaded 690 quests additions in game events in 62 ms.
Loading Game Event Vendor Additions Data...
>> Loaded 14 vendor additions in game events in 43 ms.
Loading Game Event Battleground Data...
>> Loaded 6 battleground holidays in game events in 36 ms.
Loading Game Event Pool Data...
>> Loaded 9 pools for game events in 3 ms.
Loading UNIT_NPC_FLAG_SPELLCLICK Data...
>> Loaded 325 spellclick definitions in 51 ms
Loading Vehicle Template Accessories...
>> Loaded 196 Vehicle Template Accessories in 19 ms
Loading Vehicle Accessories...
>> Loaded 0 Vehicle Accessories in 8 ms
Loading SpellArea Data...
>> Loaded 766 spell area requirements in 31 ms
Loading AreaTrigger definitions...
>> Loaded 273 area trigger teleport definitions in 35 ms
Loading Access Requirements...
>> Loaded 121 access requirement definitions in 23 ms
Loading Quest Area Triggers...
>> Loaded 59 quest trigger points in 17 ms
Loading Tavern Area Triggers...
>> Loaded 114 tavern triggers in 15 ms
Loading AreaTrigger script names...
>> Loaded 154 areatrigger scripts in 4 ms
Loading LFG entrance positions...
>> Loaded 20 lfg entrance positions in 68 ms
Loading Dungeon boss data...
>> Loaded 612 instance encounters in 44 ms
Loading LFG rewards...
>> Loaded 15 lfg dungeon rewards in 21 ms
Loading Graveyard-zone links...
>> Loaded 700 graveyard-zone links in 5 ms
Loading spell pet auras...
>> Loaded 47 spell pet auras in 35 ms
Loading Spell target coordinates...
>> Loaded 582 spell teleport coordinates in 22 ms
Loading enchant custom attributes...
>> Loaded 32 custom enchant attributes in 2 ms
Loading linked spells...
>> Loaded 457 linked spells in 23 ms
Loading Player Create Data...
>> Loaded 62 player create definitions in 23 ms
Loading Player Create Items Data...
>> Loaded 1 custom player create items in 31 ms
Loading Player Create Skill Data...
>> Loaded 1094 player create skills in 83 ms
Loading Player Create Spell Data...
>> Loaded 2680 custom player create spells in 35 ms
Loading Player Create Cast Spell Data...
>> Loaded 19 player create cast spells in 31 ms
Loading Player Create Action Data...
>> Loaded 325 player create actions in 18 ms
Loading Player Create Level HP/Mana Data...
>> Loaded 800 level health/mana definitions in 39 ms
Loading Player Create Level Stats Data...
>> Loaded 4960 level stats definitions in 48 ms
Loading Player Create XP Data...
>> Loaded 79 xp for level definitions in 20 ms
Loading Exploration BaseXP Data...
>> Loaded 80 BaseXP definitions in 11 ms
Loading Pet Name Parts...
>> Loaded 313 pet name parts in 25 ms
Loading the max pet number...
>> Loaded the max pet number: 0 in 1 ms
Loading pet level stats...
>> Loaded 2560 level pet stats definitions in 42 ms
Loading Player level dependent mail rewards...
>> Loaded 25 level dependent mail rewards in 22 ms
Loading creature loot templates...
>> Loaded 333525 creature loot templates in 884 ms
Loading fishing loot templates...
>> Loaded 266 fishing loot templates in 20 ms
Loading gameobject loot templates...
>> Loaded 17873 gameobject loot templates in 129 ms
Loading item loot templates...
>> Loaded 5001 item loot templates in 108 ms
Loading mail loot templates...
>> Loaded 117 mail loot templates in 47 ms
Loading milling loot templates...
>> Loaded 45 milling loot templates in 14 ms
Loading pickpocketing loot templates...
>> Loaded 11048 pickpocketing loot templates in 139 ms
Loading skinning loot templates...
>> Loaded 1898 skinning loot templates in 137 ms
Loading disenchanting loot templates...
>> Loaded 124 disenchanting loot templates in 56 ms
Loading prospecting loot templates...
>> Loaded 36 prospecting loot templates in 44 ms
Loading spell loot templates...
>> Loaded 166 spell loot templates in 30 ms
Loading reference loot templates...
>> Loaded refence loot templates in 212 ms
Loading Skill Discovery Table...
>> Loaded 347 skill discovery definitions in 46 ms.
Loading Skill Extra Item Table...
>> Loaded 225 spell specialization definitions in 23 ms
Loading Skill Perfection Data Table...
>> Loaded 72 spell perfection definitions in 56 ms.
Loading Skill Fishing base level requirements...
>> Loaded 108 areas for fishing base skill level in 17 ms
Loading Achievements...
>> Loaded 43 achievement references in 0 ms.
Loading Achievement Criteria Lists...
>> Loaded 7655 achievement criteria in 3 ms.
Loading Achievement Criteria Data...
>> Loaded 2693 additional achievement criteria data in 57 ms
Loading Achievement Rewards...
>> Loaded 112 achievement rewards in 46 ms.
Loading Achievement Reward Locales...
>> Loaded 19 achievement reward locale strings in 35 ms.
Loading Completed Achievements...
>> Loaded 43 realm first completed achievements in 2 ms.
Loading Item Auctions...
>> Loaded 0 auction items. DB table `auctionhouse` or `item_instance` is empty!
Loading Auctions...
>> Loaded 0 auctions. DB table `auctionhouse` is empty.
Loading Guilds...
Loading guilds definitions...
>> Loaded 0 guild definitions. DB table `guild` is empty.
Loading ArenaTeams...
>> Loaded 0 arena teams. DB table `arena_team` is empty!
Loading Groups...
>> Loaded 0 group definitions. DB table `groups` is empty!
Loading ReservedNames...
>> Loaded 0 reserved player names. DB table `reserved_name` is empty!
Loading GameObjects for quests...
>> Loaded 1796 GameObjects for quests in 4 ms
Loading BattleMasters...
>> Loaded 157 battlemaster entries in 50 ms
Loading GameTeleports...
>> Loaded 1432 GameTeleports in 23 ms
Loading Trainers...
>> Loaded 126 Trainers in 119 ms
Loading Creature default trainers...
>> Loaded 806 default trainers in 35 ms
Loading Gossip menu...
>> Loaded 5970 gossip_menu IDs in 46 ms
Loading Gossip menu options...
>> Loaded 4323 gossip_menu_option entries in 103 ms
Loading Vendors...
>> Loaded 37587 Vendors in 70 ms
Loading Waypoints...
>> Loaded 134790 waypoints in 478 ms
Loading SmartAI Waypoints...
>> Loaded 673 SmartAI waypoint paths (total 8308 waypoints) in 27 ms
Loading Creature Formations...
>> Loaded 1768 creatures in formations in 18 ms
Loading World States...
>> Loaded 93 world states in 1 ms
Loading Conditions...
>> Loaded 14299 conditions in 80 ms
Loading faction change achievement pairs...
>> Loaded 125 faction change achievement pairs in 25 ms
Loading faction change spell pairs...
>> Loaded 111 faction change spell pairs in 20 ms
Loading faction change quest pairs...
>> Loaded 251 faction change quest pairs in 13 ms
Loading faction change item pairs...
>> Loaded 1355 faction change item pairs in 15 ms
Loading faction change reputation pairs...
>> Loaded 16 faction change reputation pairs in 7 ms
Loading faction change title pairs...
>> Loaded 22 faction change title pairs in 21 ms
Loading GM tickets...
>> Loaded 0 GM tickets. DB table `gm_ticket` is empty!
Loading GM surveys...
>> Loaded GM Survey count from database in 1 ms
Loading client addons...
>> Loaded 23 known addons in 1 ms
Returning old mails...
>> No expired mails found.
Loading Autobroadcasts...
>> Loaded 0 autobroadcasts definitions. DB table `autobroadcast` is empty for this realm!
Loading spell_scripts...
>> Loaded 143 script definitions in 12 ms
Loading event_scripts...
>> Loaded 535 script definitions in 23 ms
Loading waypoint_scripts...
>> Loaded 725 script definitions in 19 ms
Loading spell script names...
>> Loaded 2202 spell script names in 5 ms
Loading Creature Texts...
>> Loaded 15958 creature texts for 3606 creatures in 103 ms
Loading Creature Text Locales...
>> Loaded 2 creature localized texts in 14 ms
Initializing Scripts...
Loading Script Waypoints for 66 creature(s)...
>> Loaded 1789 Script Waypoint nodes in 52 ms
>> Loaded spline chain data for 124 chains, consisting of 325 splines with 1684 waypoints in 6 ms
Loading C++ scripts
>> Loaded 3080 C++ scripts in 256 ms
Validating spell scripts...
>> Validated 2783 scripts in 40 ms
Loading SmartAI scripts...
>> Loaded SmartAIMgr Helpers in 7 ms
>> Loaded 12439 SmartAI scripts in 216 ms
Loading Calendar data...
>> Loaded 0 calendar events in 1 ms
>> Loaded 0 calendar invites in 1 ms
Loading Petitions...
>> Loaded 0 petitions.
Loading Signatures...
>> Loaded 0 Petition signs!
Loading Item loot...
>> Loaded 0 stored item loots
>> Loaded 0 stored item money
Initialize query data...
Initialize game time and timers
Mail timer set to: 480, mail return is called every 1440 minutes
Starting Map System
Starting Game Event system...
Initialize AuctionHouseBot...
Initializing chat channels...
>> Loaded 0 custom chat channels. DB table `channels` is empty.
Initializing Opcodes...
Starting Arena Season...
Starting Battleground System
>> Loaded 11 battlegrounds in 154 ms
Starting Outdoor PvP System
>> Loaded 6 outdoor PvP definitions in 73 ms
Starting Battlefield System
Loading Transports...
>> Spawned 20 continent transports in 20477 ms
Loading Warden Checks...
>> Loaded 786 warden checks in 64 ms
Loading Warden Action Overrides...
>> Loaded 0 Warden action overrides. DB table `warden_action` is empty!
Deleting expired bans...
Initializing quest reset times...
Calculate random battleground reset time...
Calculate deletion of old calendar events time...
Calculate guild limitation(s) reset time...
World initialized in 0 minutes 54 seconds
Starting up anti-freeze thread (60 seconds max stuck time)...
TrinityCore rev. unknown 1970-01-01 00:00:00 +0000 (Archived branch) (Win64, Release, Static) (worldserver-daemon) ready...
